  b1001.cpp
  b1009.cpp
  b1022.cpp
  b1032.cpp
  main.cpp
  正在生成代码...
main.obj : error LNK2005: "void __cdecl test(void)" (?test@@YAXXZ) 已经在 b1022.obj 中定义
main.obj : error LNK2005: "void __cdecl test_key(void)" (?test_key@@YAXXZ) 已经在 b1022.obj 中定义
D:\R.G. Palace\PROJECTS\PAT\算法笔记习题刷题源码\PAT_training\Debug\PAT_training.exe : fatal error LNK1169: 找到一个或多个多重定义的符号
